{
  "RSpec": {
    "coverage": {
      "/Users/erindrummond/projects/new_leaf/config/environment.rb": [
        null,
        1,
        null,
        null,
        1,
        null,
        1,
        null,
        null,
        null,
        null,
        null,
        null,
        null,
        null
      ],
      "/Users/erindrummond/projects/new_leaf/config/application.rb": [
        1,
        null,
        1,
        null,
        1,
        null,
        1,
        null,
        null,
        null,
        null,
        1,
        1,
        null,
        null,
        null,
        null,
        null,
        null,
        null,
        null,
        null,
        null,
        null,
        null,
        null,
        null,
        null,
        null,
        null,
        null,
        null,
        null,
        null,
        null,
        null,
        null,
        null,
        1,
        null,
        null,
        1,
        null,
        null,
        1,
        null,
        null,
        null,
        null,
        null,
        null,
        null,
        null,
        null,
        null,
        1,
        null,
        null,
        1,
        null,
        null,
        1,
        null,
        null
      ],
      "/Users/erindrummond/projects/new_leaf/config/boot.rb": [
        1,
        null,
        null,
        1,
        null,
        1
      ],
      "/Users/erindrummond/projects/new_leaf/config/environments/test.rb": [
        1,
        null,
        null,
        null,
        null,
        null,
        null,
        1,
        null,
        null,
        1,
        1,
        null,
        null,
        1,
        null,
        null,
        1,
        1,
        null,
        null,
        1,
        null,
        null,
        1,
        null,
        null,
        null,
        null,
        1,
        null,
        null,
        1,
        null,
        null,
        1,
        null
      ],
      "/Users/erindrummond/projects/new_leaf/config/initializers/backtrace_silencers.rb": [
        null,
        null,
        null,
        null,
        null,
        null,
        null
      ],
      "/Users/erindrummond/projects/new_leaf/config/initializers/inflections.rb": [
        null,
        null,
        null,
        null,
        null,
        null,
        null,
        null,
        null,
        null,
        null,
        null,
        null,
        null,
        null
      ],
      "/Users/erindrummond/projects/new_leaf/config/initializers/mime_types.rb": [
        null,
        null,
        null,
        null,
        null
      ],
      "/Users/erindrummond/projects/new_leaf/config/initializers/secret_token.rb": [
        1
      ],
      "/Users/erindrummond/projects/new_leaf/config/initializers/session_store.rb": [
        null,
        null,
        1,
        null,
        null,
        null,
        null,
        null
      ],
      "/Users/erindrummond/projects/new_leaf/config/initializers/wrap_parameters.rb": [
        null,
        null,
        null,
        null,
        null,
        null,
        1,
        1,
        null,
        null,
        null,
        1,
        1,
        null
      ],
      "/Users/erindrummond/projects/new_leaf/app/controllers/admin/dashboards_controller.rb": [
        1,
        1,
        null,
        1,
        0,
        0,
        0,
        null,
        null
      ],
      "/Users/erindrummond/projects/new_leaf/app/controllers/application_controller.rb": [
        1,
        1,
        null,
        1,
        1,
        null,
        1,
        0,
        null,
        null,
        1,
        0,
        0,
        null,
        null
      ],
      "/Users/erindrummond/projects/new_leaf/app/helpers/application_helper.rb": [
        1,
        1,
        0,
        0,
        null,
        0,
        null,
        null,
        null,
        1,
        null,
        null,
        null,
        1,
        null,
        null,
        null
      ],
      "/Users/erindrummond/projects/new_leaf/app/helpers/admin/appointments_helper.rb": [
        1,
        null,
        null
      ],
      "/Users/erindrummond/projects/new_leaf/app/helpers/users_helper.rb": [
        1,
        1,
        0,
        0,
        0,
        0,
        0,
        null,
        null
      ],
      "/Users/erindrummond/projects/new_leaf/app/controllers/appointments_controller.rb": [
        1,
        1,
        1,
        null,
        1,
        0,
        null,
        0,
        0,
        null,
        0,
        0,
        null,
        null,
        0,
        null,
        null,
        0,
        null,
        null,
        null,
        null,
        1,
        0,
        0,
        0,
        0,
        null,
        0,
        null,
        null,
        0,
        0,
        null,
        0,
        0,
        0,
        null,
        0,
        null,
        null,
        null,
        0,
        null,
        null,
        null,
        1,
        0,
        0,
        0,
        null,
        0,
        null,
        null,
        0,
        0,
        0,
        0,
        0,
        null,
        0,
        null,
        null,
        null,
        1,
        0,
        null,
        null,
        1,
        0,
        0,
        null,
        0,
        0,
        null,
        0,
        0,
        0,
        null,
        0,
        null,
        null,
        null,
        null,
        1,
        0,
        null,
        0,
        null,
        0,
        0,
        0,
        0,
        null,
        0,
        null,
        null,
        null,
        1,
        0,
        0,
        null,
        0,
        null,
        null,
        null,
        1,
        1,
        0,
        0,
        0,
        0,
        null,
        null,
        null
      ],
      "/Users/erindrummond/projects/new_leaf/app/models/appointment.rb": [
        1,
        1,
        null,
        null,
        null,
        null,
        1,
        null,
        null,
        null,
        null,
        1,
        null,
        1,
        0,
        null,
        null,
        1,
        0,
        0,
        0,
        0,
        0,
        0,
        null,
        null,
        1,
        0,
        0,
        0,
        0,
        0,
        null,
        null,
        1,
        0,
        null,
        null,
        1,
        0,
        null,
        null,
        1,
        0,
        null,
        null,
        1,
        0,
        null,
        null
      ],
      "/Users/erindrummond/projects/new_leaf/app/controllers/extras_controller.rb": [
        1,
        null,
        1,
        null,
        null,
        1,
        null,
        null,
        1,
        null,
        null,
        1,
        null,
        null,
        null
      ],
      "/Users/erindrummond/projects/new_leaf/app/controllers/sessions_controller.rb": [
        1,
        null,
        1,
        null,
        null,
        1,
        0,
        null,
        0,
        0,
        0,
        0,
        null,
        null,
        0,
        null,
        null,
        0,
        0,
        null,
        null,
        null,
        1,
        0,
        0,
        null,
        null
      ],
      "/Users/erindrummond/projects/new_leaf/app/controllers/users_controller.rb": [
        1,
        1,
        null,
        1,
        0,
        null,
        null,
        1,
        0,
        null,
        0,
        0,
        0,
        null,
        0,
        0,
        null,
        null,
        null,
        1,
        0,
        0,
        null,
        null,
        1,
        0,
        null,
        null,
        1,
        0,
        null,
        0,
        0,
        null,
        0,
        null,
        null,
        null,
        1,
        null,
        null,
        null,
        1,
        0,
        0,
        0,
        0,
        null,
        null,
        null
      ],
      "/Users/erindrummond/projects/new_leaf/app/models/user.rb": [
        1,
        1,
        1,
        1,
        null,
        1,
        null,
        null,
        null,
        null,
        null,
        null,
        1,
        null,
        1,
        null,
        null,
        null,
        null,
        null,
        1,
        null,
        1,
        null,
        1,
        8,
        null,
        8,
        8,
        0,
        0,
        null,
        0,
        null,
        null,
        null,
        1,
        0,
        null,
        null
      ],
      "/Users/erindrummond/projects/new_leaf/app/controllers/welcome_controller.rb": [
        1,
        null,
        1,
        null,
        null,
        null,
        null
      ],
      "/Users/erindrummond/projects/new_leaf/app/mailers/emailer.rb": [
        1,
        1,
        null,
        1,
        0,
        0,
        null,
        null,
        null,
        1,
        0,
        0,
        null,
        null,
        null,
        1,
        0,
        0,
        null,
        null,
        null
      ],
      "/Users/erindrummond/projects/new_leaf/app/models/clock.rb": [
        1,
        1,
        null,
        3,
        null,
        null,
        1,
        6,
        6,
        null,
        null,
        1,
        null,
        1,
        27,
        27,
        27,
        27,
        null,
        null,
        1,
        0,
        0,
        0,
        0,
        null,
        null,
        1,
        0,
        null,
        null,
        1,
        1,
        1,
        null,
        null,
        1,
        8,
        0,
        0,
        null,
        8,
        null,
        null,
        null,
        1,
        7,
        null,
        null,
        null
      ],
      "/Users/erindrummond/projects/new_leaf/app/models/day_planner.rb": [
        1,
        1,
        null,
        1,
        0,
        null,
        null,
        1,
        0,
        0,
        0,
        0,
        0,
        0,
        null,
        0,
        null,
        0,
        null,
        null,
        null,
        1,
        0,
        0,
        0,
        null,
        0,
        null,
        null,
        1,
        0,
        null,
        null,
        1,
        0,
        null,
        null,
        1,
        0,
        0,
        0,
        0,
        0,
        0,
        null,
        null,
        0,
        null,
        null,
        1,
        0,
        0,
        null,
        null,
        null,
        1,
        0,
        null,
        null,
        1,
        0,
        null,
        null,
        1,
        0,
        0,
        0,
        0,
        null,
        0,
        null,
        0,
        null,
        0,
        null,
        null,
        1,
        0,
        0,
        0,
        0,
        0,
        null,
        0,
        null,
        null,
        null
      ],
      "/Users/erindrummond/projects/new_leaf/app/models/time_slot.rb": [
        1,
        1,
        null,
        1,
        9,
        6,
        null,
        3,
        null,
        null,
        9,
        1,
        1,
        null,
        null,
        8,
        3,
        null,
        5,
        null,
        8,
        null,
        null,
        9,
        null,
        null,
        1,
        1,
        null,
        null
      ],
      "/Users/erindrummond/projects/new_leaf/app/workers/emails_worker.rb": [
        1,
        1,
        null,
        1,
        0,
        null,
        0,
        null,
        null
      ],
      "/Users/erindrummond/projects/new_leaf/app/workers/meghan_emails_worker.rb": [
        1,
        1,
        null,
        1,
        0,
        null,
        0,
        null,
        null
      ],
      "/Users/erindrummond/projects/new_leaf/app/workers/texts_worker.rb": [
        1,
        1,
        null,
        1,
        0,
        null,
        0,
        null,
        0,
        0,
        0,
        null,
        0,
        null,
        0,
        null,
        null,
        null,
        null,
        null
      ],
      "/Users/erindrummond/projects/new_leaf/app/workers/updates_worker.rb": [
        1,
        1,
        null,
        1,
        0,
        null,
        0,
        null,
        null
      ],
      "/Users/erindrummond/projects/new_leaf/config/routes.rb": [
        1,
        null,
        1,
        1,
        null,
        1,
        1,
        null,
        1,
        1,
        1,
        null,
        1,
        1,
        1,
        1,
        null,
        1,
        1,
        null,
        null,
        1,
        1,
        null,
        1,
        null
      ]
    },
    "timestamp": 1382939332
  }
}
