{
  "RSpec": {
    "coverage": {
      "/Users/erindrummond/projects/appointime/config/environment.rb": [
        null,
        1,
        null,
        null,
        1
      ],
      "/Users/erindrummond/projects/appointime/config/application.rb": [
        1,
        null,
        1,
        null,
        1,
        null,
        1,
        null,
        null,
        null,
        null,
        1,
        1,
        null,
        null,
        null,
        null,
        null,
        null,
        null,
        null,
        null,
        null,
        null,
        null,
        null,
        null,
        null,
        null,
        null,
        null,
        null,
        null,
        null,
        null,
        null,
        1,
        null,
        null,
        1,
        null,
        null,
        1,
        null,
        null,
        null,
        null,
        null,
        null,
        null,
        null,
        null,
        null,
        1,
        null,
        null,
        1,
        null,
        null,
        1,
        null,
        null
      ],
      "/Users/erindrummond/projects/appointime/config/boot.rb": [
        1,
        null,
        null,
        1,
        null,
        1
      ],
      "/Users/erindrummond/projects/appointime/config/environments/test.rb": [
        1,
        null,
        null,
        null,
        null,
        null,
        null,
        1,
        null,
        null,
        1,
        1,
        null,
        null,
        1,
        null,
        null,
        1,
        1,
        null,
        null,
        1,
        null,
        null,
        1,
        null,
        null,
        null,
        null,
        1,
        null,
        null,
        1,
        null,
        null,
        1,
        null
      ],
      "/Users/erindrummond/projects/appointime/config/initializers/backtrace_silencers.rb": [
        null,
        null,
        null,
        null,
        null,
        null,
        null
      ],
      "/Users/erindrummond/projects/appointime/config/initializers/inflections.rb": [
        null,
        null,
        null,
        null,
        null,
        null,
        null,
        null,
        null,
        null,
        null,
        null,
        null,
        null,
        null
      ],
      "/Users/erindrummond/projects/appointime/config/initializers/mime_types.rb": [
        null,
        null,
        null,
        null,
        null
      ],
      "/Users/erindrummond/projects/appointime/config/initializers/secret_token.rb": [
        null,
        null,
        null,
        null,
        null,
        null,
        1
      ],
      "/Users/erindrummond/projects/appointime/config/initializers/session_store.rb": [
        null,
        null,
        1,
        null,
        null,
        null,
        null,
        null
      ],
      "/Users/erindrummond/projects/appointime/config/initializers/wrap_parameters.rb": [
        null,
        null,
        null,
        null,
        null,
        null,
        1,
        1,
        null,
        null,
        null,
        1,
        1,
        null
      ],
      "/Users/erindrummond/projects/appointime/app/controllers/admin/appointments_controller.rb": [
        1,
        1,
        null,
        1,
        0,
        null,
        null,
        1,
        0,
        0,
        null,
        null,
        1,
        0,
        null,
        0,
        0,
        0,
        null,
        0,
        null,
        null,
        null
      ],
      "/Users/erindrummond/projects/appointime/app/controllers/application_controller.rb": [
        1,
        1,
        null,
        1,
        1,
        null,
        1,
        2,
        null,
        null,
        1,
        0,
        2,
        null,
        null
      ],
      "/Users/erindrummond/projects/appointime/app/helpers/application_helper.rb": [
        1,
        null
      ],
      "/Users/erindrummond/projects/appointime/app/helpers/users_helper.rb": [
        1,
        null
      ],
      "/Users/erindrummond/projects/appointime/app/models/appointment.rb": [
        1,
        1,
        null,
        null,
        null,
        null,
        1,
        null,
        null,
        null,
        null,
        1,
        null,
        1,
        0,
        0,
        0,
        0,
        0,
        null,
        null,
        1,
        0,
        null,
        null,
        1,
        0,
        null,
        0,
        0,
        0,
        null,
        0,
        null,
        0,
        null,
        null,
        null,
        null,
        null,
        null,
        null
      ],
      "/Users/erindrummond/projects/appointime/app/controllers/admin/dashboards_controller.rb": [
        1,
        1,
        null,
        1,
        null,
        null,
        null
      ],
      "/Users/erindrummond/projects/appointime/app/controllers/sessions_controller.rb": [
        1,
        null,
        1,
        null,
        null,
        null,
        1,
        3,
        null,
        3,
        2,
        2,
        2,
        1,
        null,
        1,
        null,
        null,
        1,
        1,
        null,
        null,
        null
      ],
      "/Users/erindrummond/projects/appointime/app/controllers/users_controller.rb": [
        1,
        null,
        1,
        2,
        null,
        null,
        1,
        2,
        null,
        2,
        1,
        1,
        null,
        1,
        1,
        null,
        null,
        null,
        1,
        0,
        null,
        null
      ],
      "/Users/erindrummond/projects/appointime/app/models/user.rb": [
        1,
        1,
        null,
        1,
        null,
        null,
        null,
        null,
        null,
        null,
        1,
        null,
        1,
        null,
        null,
        null,
        null,
        null,
        1,
        null,
        1,
        null,
        1,
        23,
        null,
        23,
        18,
        5,
        1,
        null,
        4,
        null,
        null,
        null,
        null,
        null,
        1,
        0,
        null,
        null,
        1,
        0,
        0,
        null,
        0,
        null,
        null,
        null
      ],
      "/Users/erindrummond/projects/appointime/app/controllers/welcome_controller.rb": [
        1,
        null,
        1,
        null,
        null,
        null,
        null
      ],
      "/Users/erindrummond/projects/appointime/app/models/clock.rb": [
        1,
        1,
        53,
        null,
        null,
        1,
        null,
        1,
        149,
        149,
        149,
        null,
        null,
        1,
        44,
        null,
        null,
        1,
        19,
        19,
        null,
        null,
        1,
        37,
        1,
        1,
        null,
        36,
        null,
        null,
        null,
        1,
        15,
        null,
        null,
        null
      ],
      "/Users/erindrummond/projects/appointime/app/models/day_planner.rb": [
        1,
        1,
        null,
        1,
        1,
        null,
        1,
        35,
        null,
        null,
        1,
        17,
        17,
        17,
        null,
        17,
        9,
        null,
        17,
        60,
        null,
        null,
        1,
        9,
        null,
        null,
        1,
        17,
        null,
        null,
        1,
        10,
        null,
        null,
        1,
        18,
        null,
        null,
        1,
        7,
        null,
        null,
        null,
        null,
        null,
        null,
        null,
        null,
        null,
        null,
        null,
        null,
        null,
        null,
        null,
        null,
        null,
        null,
        null,
        null,
        null,
        null,
        null,
        null,
        null,
        null,
        null,
        null,
        null,
        null,
        null,
        null,
        null,
        null,
        null,
        null,
        null,
        null,
        null,
        null,
        null,
        null,
        null,
        null,
        null,
        null,
        null,
        null,
        null,
        null,
        null,
        null,
        null,
        null,
        null,
        null
      ],
      "/Users/erindrummond/projects/appointime/app/models/time_slot.rb": [
        1,
        1,
        null,
        1,
        52,
        40,
        null,
        12,
        null,
        null,
        52,
        18,
        18,
        null,
        34,
        12,
        null,
        22,
        null,
        34,
        null,
        null,
        null,
        1,
        1,
        null,
        null
      ],
      "/Users/erindrummond/projects/appointime/config/routes.rb": [
        1,
        1,
        null,
        1,
        1,
        null,
        1,
        1,
        1,
        null,
        1,
        1,
        1,
        1,
        null,
        null
      ]
    },
    "timestamp": 1369973573
  }
}
